#
# A fatal error has been detected by the Java Runtime Environment:
#
#  EXCEPTION_ACCESS_VIOLATION (0xc0000005) at pc=0x0000000078bbbcd2, pid=3964, tid=3976
#
# JRE version: 6.0_17-b04
# Java VM: Java HotSpot(TM) 64-Bit Server VM (14.3-b01 mixed mode windows-amd64 )
# Problematic frame:
# C  0x0000000078bbbcd2
#
# If you would like to submit a bug report, please visit:
#   http://java.sun.com/webapps/bugreport/crash.jsp
#

---------------  T H R E A D  ---------------

Current thread (0x0000000052ee0800):  VMThread [stack: 0x0000000053040000,0x0000000057040000] [id=3976]

siginfo: ExceptionCode=0xc0000005, reading address 0x00000000000000c0

Registers:
EAX=0x0000000000000000, EBX=0x0000000000000000, ECX=0x000000002ea40548, EDX=0x0000000038a9f3b0
ESP=0x000000005703f910, EBP=0x00000000068bbe40, ESI=0x00000000068bd7f0, EDI=0x00000000068c08f0
EIP=0x0000000078bbbcd2, EFLAGS=0x0000000000010206

Top of Stack: (sp=0x000000005703f910)
0x000000005703f910:   0000000000000000 00000000068bbe40
0x000000005703f920:   00000000068bd7f0 00000000068c08f0
0x000000005703f930:   00000000068bbdb0 0000000078c304fd
0x000000005703f940:   0000000000000000 00000000068bbe40
0x000000005703f950:   00000000068bd7f0 00000000068c08f0
0x000000005703f960:   000000000686c7f0 0000000000034010
0x000000005703f970:   0000000052010100 0000000000000000
0x000000005703f980:   0000000052ee4000 00000000068bad00
0x000000005703f990:   000000006f2e0090 000000000686c7f0
0x000000005703f9a0:   0000000000000000 0000000078c30fc7
0x000000005703f9b0:   00000000068c0990 00000000068c0990
0x000000005703f9c0:   00000000068bd7f0 00000000068c08f0
0x000000005703f9d0:   000000000686c7f0 0000000002570000
0x000000005703f9e0:   000000002c190c00 000000000000000a
0x000000005703f9f0:   0000000a2c190000 00000000068bbdb0
0x000000005703fa00:   00000000068beb01 00000000068bbdb0 

Instructions: (pc=0x0000000078bbbcd2)
0x0000000078bbbcc2:   0c c8 eb 04 48 8b 4a 08 48 8b 41 10 48 83 c1 10
0x0000000078bbbcd2:   ff 90 c0 00 00 00 48 8b 05 d9 15 29 00 83 38 00 


Stack: [0x0000000053040000,0x0000000057040000],  sp=0x000000005703f910,  free space=65534k
Native frames: (J=compiled Java code, j=interpreted, Vv=VM code, C=native code)
C  0x0000000078bbbcd2

VM_Operation (0x00000000a3ffcca0): ParallelGCFailedAllocation, mode: safepoint, requested by thread 0x0000000070881800


---------------  P R O C E S S  ---------------

Java Threads: ( => current thread )
  0x0000000070bce800 JavaThread "Code Analyzer updating thread" [_thread_blocked, id=3136, stack(0x00000000f3f40000,0x00000000f7f40000)]
  0x0000000070bcd800 JavaThread "Code Analyzer updating thread" [_thread_blocked, id=3632, stack(0x00000000b8000000,0x00000000bc000000)]
  0x0000000070bd1800 JavaThread "Timer queue for AWT thread" daemon [_thread_blocked, id=2548, stack(0x0000000120f50000,0x0000000124f50000)]
  0x0000000070bcb000 JavaThread "Code Analyzer updating thread" [_thread_blocked, id=3048, stack(0x000000010ff40000,0x0000000113f40000)]
  0x0000000070bc4800 JavaThread "Code Analyzer updating thread" [_thread_blocked, id=524, stack(0x000000010bf40000,0x000000010ff40000)]
  0x0000000070bd0000 JavaThread "Prefs Updater" daemon [_thread_blocked, id=2748, stack(0x0000000114f50000,0x0000000118f50000)]
  0x0000000070bcb800 JavaThread "Swing-Shell" daemon [_thread_blocked, id=3744, stack(0x00000000fff40000,0x0000000103f40000)]
  0x0000000070bc7000 JavaThread "Active Reference Queue Daemon" daemon [_thread_blocked, id=3748, stack(0x0000000107f40000,0x000000010bf40000)]
  0x0000000070bcf000 JavaThread "Timer-2" daemon [_thread_blocked, id=1920, stack(0x00000000dbf40000,0x00000000dff40000)]
  0x0000000070bca000 JavaThread "Foxtrot Single Worker Thread #1" daemon [_thread_blocked, id=4008, stack(0x00000000cff40000,0x00000000d3f40000)]
  0x0000000070bc9800 JavaThread "Timer-1" daemon [_thread_blocked, id=2132, stack(0x00000000ebf40000,0x00000000eff40000)]
  0x0000000070bcc000 JavaThread "com.jniwrapper.NativeResourceCollector" daemon [_thread_blocked, id=2396, stack(0x00000000e3f40000,0x00000000e7f40000)]
  0x0000000070bc8800 JavaThread "ClipboardMonitor Timer" daemon [_thread_blocked, id=2688, stack(0x00000000d7f40000,0x00000000dbf40000)]
  0x0000000070bc8000 JavaThread "Explorer NavigationContext request queue" daemon [_thread_blocked, id=2560, stack(0x00000000d3f40000,0x00000000d7f40000)]
  0x0000000070bc6800 JavaThread "AddressBar directory emptiness poller" daemon [_thread_blocked, id=3232, stack(0x00000000cbf40000,0x00000000cff40000)]
  0x0000000070bc5800 JavaThread "Explorer Refresh Service 1249135181" daemon [_thread_blocked, id=3452, stack(0x00000000c7f40000,0x00000000cbf40000)]
  0x0000000070bc5000 JavaThread "Thread-4" daemon [_thread_blocked, id=2408, stack(0x00000000bef70000,0x00000000c2f70000)]
  0x0000000070bc3800 JavaThread "TimerQueue" daemon [_thread_blocked, id=3956, stack(0x00000000b4000000,0x00000000b8000000)]
  0x0000000070bc3000 JavaThread "Thread-3" daemon [_thread_blocked, id=704, stack(0x00000000a4000000,0x00000000a8000000)]
  0x0000000070bc2000 JavaThread "FelixPackageAdmin" daemon [_thread_blocked, id=3176, stack(0x00000000b0000000,0x00000000b4000000)]
  0x0000000070b41800 JavaThread "FelixStartLevel" daemon [_thread_blocked, id=3292, stack(0x00000000ac000000,0x00000000b0000000)]
  0x0000000070b69800 JavaThread "FelixDispatchQueue" daemon [_thread_blocked, id=3008, stack(0x00000000a8000000,0x00000000ac000000)]
  0x0000000070881800 JavaThread "AWT-EventQueue-0" [_thread_blocked, id=2272, stack(0x00000000a0000000,0x00000000a4000000)]
  0x00000000707e8000 JavaThread "com.google.common.base.internal.Finalizer" daemon [_thread_blocked, id=3896, stack(0x000000009c000000,0x00000000a0000000)]
  0x0000000070786800 JavaThread "AWT-Windows" daemon [_thread_blocked, id=2972, stack(0x0000000094000000,0x0000000098000000)]
  0x0000000070786000 JavaThread "AWT-Shutdown" [_thread_blocked, id=1608, stack(0x0000000090000000,0x0000000094000000)]
  0x0000000070785000 JavaThread "Java2D Disposer" daemon [_thread_blocked, id=1328, stack(0x000000008c000000,0x0000000090000000)]
  0x00000000702b4800 JavaThread "Timer-0" [_thread_blocked, id=2508, stack(0x0000000088000000,0x000000008c000000)]
  0x00000000702ab800 JavaThread "EventMgr Dispatcher" daemon [_thread_in_native, id=1588, stack(0x0000000084000000,0x0000000088000000)]
  0x0000000052f53000 JavaThread "Low Memory Detector" daemon [_thread_blocked, id=3016, stack(0x000000006b040000,0x000000006f040000)]
  0x0000000052f4a800 JavaThread "CompilerThread1" daemon [_thread_blocked, id=3124, stack(0x0000000067040000,0x000000006b040000)]
  0x0000000052f40000 JavaThread "CompilerThread0" daemon [_thread_blocked, id=1520, stack(0x0000000063040000,0x0000000067040000)]
  0x0000000052f3e800 JavaThread "Attach Listener" daemon [_thread_blocked, id=924, stack(0x000000005f040000,0x0000000063040000)]
  0x0000000052eea000 JavaThread "Finalizer" daemon [_thread_blocked, id=3936, stack(0x000000005b040000,0x000000005f040000)]
  0x0000000052ee4000 JavaThread "Reference Handler" daemon [_thread_blocked, id=2416, stack(0x0000000057040000,0x000000005b040000)]
  0x000000000686f000 JavaThread "main" [_thread_in_native, id=3908, stack(0x0000000000030000,0x0000000004030000)]

Other Threads:
=>0x0000000052ee0800 VMThread [stack: 0x0000000053040000,0x0000000057040000] [id=3976]
  0x0000000052f86800 WatcherThread [stack: 0x0000000080000000,0x0000000084000000] [id=3556]

VM state:at safepoint (normal execution)

VM Mutex/Monitor currently owned by a thread:  ([mutex/lock_event])
[0x00000000068b4630] Threads_lock - owner thread: 0x0000000052ee0800
[0x00000000068b4b30] Heap_lock - owner thread: 0x0000000070881800

Heap
 PSYoungGen      total 15680K, used 3772K [0x000000003fd40000, 0x00000000412a0000, 0x0000000042e40000)
  eden space 9600K, 0% used [0x000000003fd40000,0x000000003fd40000,0x00000000406a0000)
  from space 6080K, 62% used [0x0000000040cb0000,0x000000004105f110,0x00000000412a0000)
  to   space 6144K, 0% used [0x00000000406a0000,0x00000000406a0000,0x0000000040ca0000)
 PSOldGen        total 97088K, used 96920K [0x0000000036a40000, 0x000000003c910000, 0x000000003fd40000)
  object space 97088K, 99% used [0x0000000036a40000,0x000000003c8e61f0,0x000000003c910000)
 PSPermGen       total 128576K, used 81262K [0x000000002ea40000, 0x00000000367d0000, 0x0000000036a40000)
  object space 128576K, 63% used [0x000000002ea40000,0x000000003399ba10,0x00000000367d0000)

Dynamic libraries:
0x0000000140000000 - 0x0000000140028000 	D:\matlab_installed_here\bin\win64\MATLAB.exe
0x00000000775f0000 - 0x000000007779b000 	C:\Windows\SYSTEM32\ntdll.dll
0x00000000774d0000 - 0x00000000775ef000 	C:\Windows\system32\kernel32.dll
0x000007fefd870000 - 0x000007fefd8db000 	C:\Windows\system32\KERNELBASE.dll
0x0000000074460000 - 0x0000000074515000 	D:\matlab_installed_here\bin\win64\libut.dll
0x00000000758a0000 - 0x000000007595f000 	D:\matlab_installed_here\bin\win64\libmwi18n.dll
0x0000000180000000 - 0x000000018000d000 	D:\matlab_installed_here\bin\win64\libmwresource_core.dll
0x0000000074d70000 - 0x0000000074e08000 	D:\matlab_installed_here\bin\win64\MSVCP100.dll
0x0000000074720000 - 0x00000000747f2000 	D:\matlab_installed_here\bin\win64\MSVCR100.dll
0x0000000074f00000 - 0x0000000074f0e000 	D:\matlab_installed_here\bin\win64\boost_date_time-vc100-mt-1_49.dll
0x0000000074ed0000 - 0x0000000074efc000 	D:\matlab_installed_here\bin\win64\boost_filesystem-vc100-mt-1_49.dll
0x0000000074f10000 - 0x0000000074f19000 	D:\matlab_installed_here\bin\win64\boost_system-vc100-mt-1_49.dll
0x000007fefed30000 - 0x000007fefee0b000 	C:\Windows\system32\ADVAPI32.dll
0x000007feff860000 - 0x000007feff8ff000 	C:\Windows\system32\msvcrt.dll
0x000007fefde50000 - 0x000007fefde6f000 	C:\Windows\SYSTEM32\sechost.dll
0x000007fefde70000 - 0x000007fefdf9e000 	C:\Windows\system32\RPCRT4.dll
0x0000000074d40000 - 0x0000000074d65000 	D:\matlab_installed_here\bin\win64\LIBEXPAT.dll
0x0000000074590000 - 0x000000007471a000 	D:\matlab_installed_here\bin\win64\icuin49.dll
0x00000000042b0000 - 0x00000000043ee000 	D:\matlab_installed_here\bin\win64\icuuc49.dll
0x00000000717b0000 - 0x00000000728d2000 	D:\matlab_installed_here\bin\win64\icudt49.dll
0x0000000074e50000 - 0x0000000074e60000 	D:\matlab_installed_here\bin\win64\icuio49.dll
0x0000000073f70000 - 0x0000000074112000 	D:\matlab_installed_here\bin\win64\libmwfl.dll
0x000000007a350000 - 0x000000007a737000 	D:\matlab_installed_here\bin\win64\libmwMATLAB_res.dll
0x0000000074370000 - 0x000000007444f000 	D:\matlab_installed_here\bin\win64\boost_regex-vc100-mt-1_49.dll
0x00000000773d0000 - 0x00000000774ca000 	C:\Windows\system32\USER32.dll
0x000007fefdc00000 - 0x000007fefdc67000 	C:\Windows\system32\GDI32.dll
0x000007fefda10000 - 0x000007fefda1e000 	C:\Windows\system32\LPK.dll
0x000007feff500000 - 0x000007feff5ca000 	C:\Windows\system32\USP10.dll
0x0000000074e30000 - 0x0000000074e41000 	D:\matlab_installed_here\bin\win64\boost_signals-vc100-mt-1_49.dll
0x0000000074d20000 - 0x0000000074d31000 	D:\matlab_installed_here\bin\win64\boost_thread-vc100-mt-1_49.dll
0x000007fefa2c0000 - 0x000007fefa34c000 	D:\matlab_installed_here\bin\win64\boost_log-vc100-mt-1_49.dll
0x00000000777c0000 - 0x00000000777c7000 	C:\Windows\system32\PSAPI.DLL
0x000007feff2b0000 - 0x000007feff2fd000 	C:\Windows\system32\WS2_32.dll
0x000007feff2a0000 - 0x000007feff2a8000 	C:\Windows\system32\NSI.dll
0x000007fefa4a0000 - 0x000007fefa4d3000 	D:\matlab_installed_here\bin\win64\tbb.dll
0x000007fefee10000 - 0x000007fefee27000 	C:\Windows\system32\imagehlp.dll
0x000007fefaf90000 - 0x000007fefafbc000 	C:\Windows\system32\POWRPROF.dll
0x000007fefda20000 - 0x000007fefdbf7000 	C:\Windows\system32\SETUPAPI.dll
0x000007fefd770000 - 0x000007fefd7a6000 	C:\Windows\system32\CFGMGR32.dll
0x000007fefdcf0000 - 0x000007fefddc7000 	C:\Windows\system32\OLEAUT32.dll
0x000007fefee30000 - 0x000007feff031000 	C:\Windows\system32\ole32.dll
0x000007fefd7b0000 - 0x000007fefd7ca000 	C:\Windows\system32\DEVOBJ.dll
0x0000000004110000 - 0x0000000004131000 	D:\matlab_installed_here\bin\win64\libmwmfl_scalar.dll
0x000007fef6a10000 - 0x000007fef6b35000 	C:\Windows\system32\dbghelp.dll
0x00000000043f0000 - 0x000000000471f000 	D:\matlab_installed_here\bin\win64\libmwservices.dll
0x0000000075a20000 - 0x0000000075b0b000 	D:\matlab_installed_here\bin\win64\libmx.dll
0x000007fefa470000 - 0x000007fefa498000 	D:\matlab_installed_here\bin\win64\tbbmalloc.dll
0x0000000074d00000 - 0x0000000074d17000 	D:\matlab_installed_here\bin\win64\zlib1.dll
0x0000000004140000 - 0x000000000418e000 	D:\matlab_installed_here\bin\win64\libmwregexp.dll
0x0000000075f10000 - 0x0000000075f57000 	D:\matlab_installed_here\bin\win64\mpath.dll
0x000000007b680000 - 0x000000007bc66000 	D:\matlab_installed_here\bin\win64\mlutil.dll
0x00000000754d0000 - 0x0000000075547000 	D:\matlab_installed_here\bin\win64\xmlcore.dll
0x00000000737c0000 - 0x0000000073a01000 	D:\matlab_installed_here\bin\win64\xerces-c_2_7.dll
0x0000000004720000 - 0x0000000004742000 	D:\matlab_installed_here\bin\win64\libmwMATLAB_settings_res.dll
0x000007fefb480000 - 0x000007fefb490000 	D:\matlab_installed_here\bin\win64\boost_iostreams-vc100-mt-1_49.dll
0x000007fefa3a0000 - 0x000007fefa3e6000 	D:\matlab_installed_here\bin\win64\boost_serialization-vc100-mt-1_49.dll
0x000007fefdfa0000 - 0x000007fefed26000 	C:\Windows\system32\SHELL32.dll
0x000007fefdc70000 - 0x000007fefdce1000 	C:\Windows\system32\SHLWAPI.dll
0x00000000041a0000 - 0x00000000041a6000 	D:\matlab_installed_here\bin\win64\libmwnativedisplay.dll
0x000007fefd7d0000 - 0x000007fefd870000 	C:\Windows\WinSxS\amd64_microsoft.windows.common-controls_6595b64144ccf1df_5.82.7600.16385_none_a44af8ec57f961cf\COMCTL32.dll
0x000007feff300000 - 0x000007feff398000 	C:\Windows\system32\COMDLG32.dll
0x000007fefb5f0000 - 0x000007fefb606000 	C:\Windows\system32\NETAPI32.dll
0x000007fefb5e0000 - 0x000007fefb5ec000 	C:\Windows\system32\netutils.dll
0x000007fefd080000 - 0x000007fefd0a3000 	C:\Windows\system32\srvcli.dll
0x000007fefb5c0000 - 0x000007fefb5d5000 	C:\Windows\system32\wkscli.dll
0x0000000074970000 - 0x0000000074a18000 	D:\matlab_installed_here\bin\win64\mcr.dll
0x0000000075000000 - 0x00000000753b1000 	D:\matlab_installed_here\bin\win64\iqm.dll
0x0000000004750000 - 0x0000000004800000 	D:\matlab_installed_here\bin\win64\m_dispatcher.dll
0x0000000004800000 - 0x0000000005008000 	D:\matlab_installed_here\bin\win64\m_interpreter.dll
0x0000000005010000 - 0x0000000005034000 	D:\matlab_installed_here\bin\win64\libmex.dll
0x0000000075430000 - 0x00000000754ab000 	D:\matlab_installed_here\bin\win64\profiler.dll
0x0000000005040000 - 0x00000000052c3000 	D:\matlab_installed_here\bin\win64\libmwmathutil.dll
0x0000000079f40000 - 0x0000000079f66000 	D:\matlab_installed_here\bin\win64\libmwmathrng.dll
0x00000000052d0000 - 0x00000000052e0000 	D:\matlab_installed_here\bin\win64\libmwmfl_rng.dll
0x0000000074c10000 - 0x0000000074cf8000 	D:\matlab_installed_here\bin\win64\libmwmathcore.dll
0x0000000076160000 - 0x00000000761c3000 	D:\matlab_installed_here\bin\win64\libmwspmatrix.dll
0x000000007b0a0000 - 0x000000007b2f6000 	D:\matlab_installed_here\bin\win64\mcos.dll
0x0000000075ea0000 - 0x0000000075f02000 	D:\matlab_installed_here\bin\win64\libmwcholmod.dll
0x00000000052f0000 - 0x00000000052fd000 	D:\matlab_installed_here\bin\win64\libmwamd.dll
0x0000000005310000 - 0x00000000053b3000 	C:\Windows\WinSxS\amd64_microsoft.vc90.crt_1fc8b3b9a1e18e3b_9.0.30729.6161_none_08e61857a83bc251\MSVCR90.dll
0x00000000053c0000 - 0x00000000053cc000 	D:\matlab_installed_here\bin\win64\libmwcolamd.dll
0x000000007a290000 - 0x000000007a2a3000 	D:\matlab_installed_here\bin\win64\libmwblas.dll
0x000000007a310000 - 0x000000007a325000 	D:\matlab_installed_here\bin\win64\libmwbinder.dll
0x00000000053e0000 - 0x00000000053eb000 	D:\matlab_installed_here\bin\win64\libmwompwrapper.dll
0x0000000075820000 - 0x000000007589e000 	D:\matlab_installed_here\bin\win64\libmwlapack.dll
0x000000007a1b0000 - 0x000000007a1d0000 	D:\matlab_installed_here\bin\win64\m_pcodeio.dll
0x0000000079b10000 - 0x0000000079b6c000 	D:\matlab_installed_here\bin\win64\m_ir.dll
0x0000000078ed0000 - 0x0000000079579000 	D:\matlab_installed_here\bin\win64\m_parser.dll
0x000000007a2f0000 - 0x000000007a307000 	D:\matlab_installed_here\bin\win64\ir_xfmr.dll
0x00000000053f0000 - 0x0000000005400000 	D:\matlab_installed_here\bin\win64\mtok.dll
0x000000007a130000 - 0x000000007a158000 	D:\matlab_installed_here\bin\win64\m_pcodegen.dll
0x0000000079fb0000 - 0x0000000079fdf000 	D:\matlab_installed_here\bin\win64\libmwbridge.dll
0x0000000074f40000 - 0x0000000074ff6000 	D:\matlab_installed_here\bin\win64\udd.dll
0x0000000073cc0000 - 0x0000000073e0e000 	D:\matlab_installed_here\bin\win64\libmwgui.dll
0x000000007a1d0000 - 0x000000007a1f4000 	D:\matlab_installed_here\bin\win64\graphics_util.dll
0x000007fef9fa0000 - 0x000007fefa058000 	D:\matlab_installed_here\bin\win64\libtex_base.dll
0x0000000005400000 - 0x0000000005d43000 	D:\matlab_installed_here\bin\win64\hg.dll
0x0000000076100000 - 0x000000007615a000 	D:\matlab_installed_here\bin\win64\libmat.dll
0x0000000072d30000 - 0x0000000072f38000 	D:\matlab_installed_here\bin\win64\hdf5dll.dll
0x0000000075710000 - 0x00000000757d8000 	D:\matlab_installed_here\bin\win64\jmi.dll
0x0000000005d60000 - 0x0000000005d6e000 	D:\matlab_installed_here\bin\win64\nativejava_services.dll
0x0000000005d70000 - 0x0000000005db0000 	D:\matlab_installed_here\bin\win64\libmwhardcopy.dll
0x0000000075c70000 - 0x0000000075cce000 	D:\matlab_installed_here\bin\win64\libuij.dll
0x0000000072f50000 - 0x000000007318f000 	D:\matlab_installed_here\bin\win64\hgdatatypes.dll
0x0000000005db0000 - 0x0000000005e9b000 	D:\matlab_installed_here\bin\win64\hgutils.dll
0x0000000005ea0000 - 0x0000000005f4e000 	D:\matlab_installed_here\bin\win64\udd_mi.dll
0x0000000005f50000 - 0x0000000005f86000 	D:\matlab_installed_here\bin\win64\libmwgbtutils.dll
0x0000000005f90000 - 0x0000000005fa4000 	D:\matlab_installed_here\bin\win64\libmwgbt.dll
0x0000000005fb0000 - 0x000000000627e000 	D:\matlab_installed_here\bin\win64\uiw.dll
0x0000000006280000 - 0x0000000006289000 	D:\matlab_installed_here\bin\win64\uinone.dll
0x0000000006290000 - 0x00000000062b6000 	D:\matlab_installed_here\bin\win64\libmwnativefiledialogs.dll
0x00000000062c0000 - 0x00000000062cc000 	D:\matlab_installed_here\bin\win64\libmwplatform_res.dll
0x000007fefc3a0000 - 0x000007fefc3b8000 	C:\Windows\system32\MPR.dll
0x0000000073260000 - 0x00000000737bd000 	D:\matlab_installed_here\bin\win64\mfc100.dll
0x000007fefb400000 - 0x000007fefb407000 	C:\Windows\system32\MSIMG32.dll
0x000007fef78b0000 - 0x000007fef7920000 	C:\Windows\system32\WINSPOOL.DRV
0x00000000062d0000 - 0x00000000062ed000 	D:\matlab_installed_here\bin\win64\mwoles05.DLL
0x00000000062f0000 - 0x000000000635c000 	D:\matlab_installed_here\bin\win64\comcli.dll
0x0000000006360000 - 0x000000000638b000 	D:\matlab_installed_here\bin\win64\ATL100.DLL
0x0000000006390000 - 0x000000000639c000 	D:\matlab_installed_here\bin\win64\mlautoregister.dll
0x00000000063a0000 - 0x00000000064f6000 	D:\matlab_installed_here\bin\win64\mvm.dll
0x000007fefd3e0000 - 0x000007fefd437000 	C:\Windows\system32\apphelp.dll
0x000007fef9f40000 - 0x000007fef9f91000 	C:\Windows\AppPatch\AppPatch64\AcGenral.DLL
0x000007fefd3b0000 - 0x000007fefd3d5000 	C:\Windows\system32\SspiCli.dll
0x0000000073ee0000 - 0x0000000073ee3000 	C:\Windows\system32\sfc.dll
0x000007fef9310000 - 0x000007fef9320000 	C:\Windows\system32\sfc_os.DLL
0x000007fefc8a0000 - 0x000007fefc8be000 	C:\Windows\system32\USERENV.dll
0x000007fefd550000 - 0x000007fefd55f000 	C:\Windows\system32\profapi.dll

VM Arguments:
jvm_args: -XX:PermSize=32m -Xms64m -XX:NewRatio=3 -XX:MaxPermSize=128m -Xmx196m -XX:MaxDirectMemorySize=2147400000 -Dsun.java2d.noddraw=true -Dsun.awt.nopixfmt=true -Xshare:off -Xrs -Dsun.awt.disableMixing=true -Djava.library.path=D:\matlab_installed_here\bin\win64;D:\matlab_installed_here\sys\jxbrowser\win64\lib vfprintf abort 
java_command: <unknown>
Launcher Type: generic

Environment Variables:
PATH=C:\ProgramData\Oracle\Java\javapath;C:\Windows\system32;C:\Windows;C:\Windows\System32\Wbem;C:\Windows\System32\WindowsPowerShell\v1.0\;C:\Program Files (x86)\MiKTeX 2.9\miktex\bin\;C:\Program Files\MATLAB\R2013a\runtime\win64;C:\Program Files\MATLAB\R2013a\bin;D:\matlab_installed_here\runtime\win64;D:\matlab_installed_here\bin
USERNAME=Mohd Abbas Zaidi
OS=Windows_NT
PROCESSOR_IDENTIFIER=Intel64 Family 6 Model 42 Stepping 7, GenuineIntel



---------------  S Y S T E M  ---------------

OS: Windows 7 Build 7600 

CPU:total 4 (8 cores per cpu, 2 threads per core) family 6 model 42 stepping 7, cmov, cx8, fxsr, mmx, sse, sse2, sse3, ssse3, sse4.1, sse4.2, ht

Memory: 4k page, physical 4088892k(1520664k free), swap 8175880k(4595120k free)

vm_info: Java HotSpot(TM) 64-Bit Server VM (14.3-b01) for windows-amd64 JRE (1.6.0_17-b04), built on Oct 11 2009 00:46:08 by "java_re" with MS VC++ 8.0

time: Thu Jun 08 16:10:51 2017
elapsed time: 95373 seconds

